<?xml version="1.0" encoding="UTF-8"?>
<!-- Generated by org.testng.reporters.JUnitReportReporter -->
<testsuite skipped="0" hostname="Praveenas-MacBook-Pro.local" name="com.selenium.test.SalesForceAutomation" tests="1" failures="0" timestamp="2022-01-31T16:23:23 PST" time="19.615" errors="0">
  <testcase name="CancelNewView" time="19.615" classname="com.selenium.test.SalesForceAutomation"/>
  <system-out/>
</testsuite> <!-- com.selenium.test.SalesForceAutomation -->
